2026-05-10 00:00:00.366 +06:00 [INF] Request starting HTTP/1.1 POST http://localhost:5000/api/auth/login - application/json 49
2026-05-10 00:00:00.373 +06:00 [INF] CORS policy execution failed.
2026-05-10 00:00:00.374 +06:00 [INF] Request origin http://localhost:5174 does not have permission to access the resource.
2026-05-10 00:00:00.376 +06:00 [INF] Executing endpoint 'MCQ2.API.Controllers.AuthController.Login (MCQ2.API)'
2026-05-10 00:00:00.377 +06:00 [INF] Route matched with {action = "Login", controller = "Auth"}. Executing controller action with signature System.Threading.Tasks.Task`1[Microsoft.AspNetCore.Mvc.IActionResult] Login(MCQ2.DataConnect.Requests.LoginRequest) on controller MCQ2.API.Controllers.AuthController (MCQ2.API).
2026-05-10 00:00:00.381 +06:00 [INF] Executed DbCommand (1ms) [Parameters=[@__request_Email_0='?' (Size = 450)], CommandType='"Text"', CommandTimeout='30']
SELECT TOP(1) [u].[Id], [u].[CreatedAt], [u].[CreatedById], [u].[Email], [u].[FullName], [u].[IsActive], [u].[PasswordHash], [u].[Role], [u].[TempPassword], [u].[UpdatedAt]
FROM [Users] AS [u]
WHERE [u].[Email] = @__request_Email_0 AND [u].[IsActive] = CAST(1 AS bit)
2026-05-10 00:00:00.642 +06:00 [INF] Executed DbCommand (1ms) [Parameters=[@p0='?' (DbType = Guid), @p1='?' (DbType = DateTime2), @p2='?' (DbType = DateTime2), @p3='?' (DbType = Boolean), @p4='?' (Size = 4000), @p5='?' (DbType = DateTime2), @p6='?' (DbType = Guid)], CommandType='"Text"', CommandTimeout='30']
SET IMPLICIT_TRANSACTIONS OFF;
SET NOCOUNT ON;
INSERT INTO [RefreshTokens] ([Id], [CreatedAt], [ExpiresAt], [IsRevoked], [Token], [UpdatedAt], [UserId])
VALUES (@p0, @p1, @p2, @p3, @p4, @p5, @p6);
2026-05-10 00:00:00.645 +06:00 [INF] Executing OkObjectResult, writing value of type 'MCQ2.DataConnect.Responses.ApiResponse`1[[MCQ2.DataConnect.Responses.LoginResponse, MCQ2.DataConnect, Version=1.0.0.0, Culture=neutral, PublicKeyToken=null]]'.
2026-05-10 00:00:00.647 +06:00 [INF] Executed action MCQ2.API.Controllers.AuthController.Login (MCQ2.API) in 267.8014ms
2026-05-10 00:00:00.648 +06:00 [INF] Executed endpoint 'MCQ2.API.Controllers.AuthController.Login (MCQ2.API)'
2026-05-10 00:00:00.649 +06:00 [INF] Request finished HTTP/1.1 POST http://localhost:5000/api/auth/login - 200 null application/json; charset=utf-8 282.7545ms
2026-05-10 00:00:00.690 +06:00 [INF] Request starting HTTP/1.1 GET http://localhost:5000/api/users - null null
2026-05-10 00:00:00.692 +06:00 [INF] Request finished HTTP/1.1 GET http://localhost:5000/api/users - 404 0 null 2.2015ms
2026-05-10 00:00:00.695 +06:00 [INF] Request starting HTTP/1.1 GET http://localhost:5000/api/users - null null
2026-05-10 00:00:00.696 +06:00 [INF] Request reached the end of the middleware pipeline without being handled by application code. Request path: GET http://localhost:5000/api/users, Response status code: 404
2026-05-10 00:00:00.699 +06:00 [INF] Request finished HTTP/1.1 GET http://localhost:5000/api/users - 404 0 null 3.1316ms
2026-05-10 00:00:00.708 +06:00 [INF] Request reached the end of the middleware pipeline without being handled by application code. Request path: GET http://localhost:5000/api/users, Response status code: 404
2026-05-10 00:00:03.677 +06:00 [INF] Request starting HTTP/1.1 POST http://localhost:5000/api/auth/login - application/json 49
2026-05-10 00:00:03.679 +06:00 [INF] CORS policy execution failed.
2026-05-10 00:00:03.680 +06:00 [INF] Request origin http://localhost:5174 does not have permission to access the resource.
2026-05-10 00:00:03.682 +06:00 [INF] Executing endpoint 'MCQ2.API.Controllers.AuthController.Login (MCQ2.API)'
2026-05-10 00:00:03.684 +06:00 [INF] Route matched with {action = "Login", controller = "Auth"}. Executing controller action with signature System.Threading.Tasks.Task`1[Microsoft.AspNetCore.Mvc.IActionResult] Login(MCQ2.DataConnect.Requests.LoginRequest) on controller MCQ2.API.Controllers.AuthController (MCQ2.API).
2026-05-10 00:00:03.687 +06:00 [INF] Executed DbCommand (0ms) [Parameters=[@__request_Email_0='?' (Size = 450)], CommandType='"Text"', CommandTimeout='30']
SELECT TOP(1) [u].[Id], [u].[CreatedAt], [u].[CreatedById], [u].[Email], [u].[FullName], [u].[IsActive], [u].[PasswordHash], [u].[Role], [u].[TempPassword], [u].[UpdatedAt]
FROM [Users] AS [u]
WHERE [u].[Email] = @__request_Email_0 AND [u].[IsActive] = CAST(1 AS bit)
2026-05-10 00:00:03.948 +06:00 [INF] Executed DbCommand (1ms) [Parameters=[@p0='?' (DbType = Guid), @p1='?' (DbType = DateTime2), @p2='?' (DbType = DateTime2), @p3='?' (DbType = Boolean), @p4='?' (Size = 4000), @p5='?' (DbType = DateTime2), @p6='?' (DbType = Guid)], CommandType='"Text"', CommandTimeout='30']
SET IMPLICIT_TRANSACTIONS OFF;
SET NOCOUNT ON;
INSERT INTO [RefreshTokens] ([Id], [CreatedAt], [ExpiresAt], [IsRevoked], [Token], [UpdatedAt], [UserId])
VALUES (@p0, @p1, @p2, @p3, @p4, @p5, @p6);
2026-05-10 00:00:03.950 +06:00 [INF] Executing OkObjectResult, writing value of type 'MCQ2.DataConnect.Responses.ApiResponse`1[[MCQ2.DataConnect.Responses.LoginResponse, MCQ2.DataConnect, Version=1.0.0.0, Culture=neutral, PublicKeyToken=null]]'.
2026-05-10 00:00:03.952 +06:00 [INF] Executed action MCQ2.API.Controllers.AuthController.Login (MCQ2.API) in 266.5584ms
2026-05-10 00:00:03.953 +06:00 [INF] Executed endpoint 'MCQ2.API.Controllers.AuthController.Login (MCQ2.API)'
2026-05-10 00:00:03.954 +06:00 [INF] Request finished HTTP/1.1 POST http://localhost:5000/api/auth/login - 200 null application/json; charset=utf-8 277.1384ms
2026-05-10 00:00:03.981 +06:00 [INF] Request starting HTTP/1.1 GET http://localhost:5000/api/users - null null
2026-05-10 00:00:03.983 +06:00 [INF] Request finished HTTP/1.1 GET http://localhost:5000/api/users - 404 0 null 2.1171ms
2026-05-10 00:00:03.986 +06:00 [INF] Request reached the end of the middleware pipeline without being handled by application code. Request path: GET http://localhost:5000/api/users, Response status code: 404
2026-05-10 00:00:03.987 +06:00 [INF] Request starting HTTP/1.1 GET http://localhost:5000/api/users - null null
2026-05-10 00:00:03.991 +06:00 [INF] Request finished HTTP/1.1 GET http://localhost:5000/api/users - 404 0 null 4.0339ms
2026-05-10 00:00:03.995 +06:00 [INF] Request reached the end of the middleware pipeline without being handled by application code. Request path: GET http://localhost:5000/api/users, Response status code: 404
2026-05-10 00:00:17.924 +06:00 [INF] Request starting HTTP/1.1 POST http://localhost:5000/api/auth/login - application/json 49
2026-05-10 00:00:17.926 +06:00 [INF] CORS policy execution failed.
2026-05-10 00:00:17.926 +06:00 [INF] Request origin http://localhost:5174 does not have permission to access the resource.
2026-05-10 00:00:17.927 +06:00 [INF] Executing endpoint 'MCQ2.API.Controllers.AuthController.Login (MCQ2.API)'
2026-05-10 00:00:17.928 +06:00 [INF] Route matched with {action = "Login", controller = "Auth"}. Executing controller action with signature System.Threading.Tasks.Task`1[Microsoft.AspNetCore.Mvc.IActionResult] Login(MCQ2.DataConnect.Requests.LoginRequest) on controller MCQ2.API.Controllers.AuthController (MCQ2.API).
2026-05-10 00:00:17.934 +06:00 [INF] Executed DbCommand (2ms) [Parameters=[@__request_Email_0='?' (Size = 450)], CommandType='"Text"', CommandTimeout='30']
SELECT TOP(1) [u].[Id], [u].[CreatedAt], [u].[CreatedById], [u].[Email], [u].[FullName], [u].[IsActive], [u].[PasswordHash], [u].[Role], [u].[TempPassword], [u].[UpdatedAt]
FROM [Users] AS [u]
WHERE [u].[Email] = @__request_Email_0 AND [u].[IsActive] = CAST(1 AS bit)
2026-05-10 00:00:18.205 +06:00 [INF] Executed DbCommand (6ms) [Parameters=[@p0='?' (DbType = Guid), @p1='?' (DbType = DateTime2), @p2='?' (DbType = DateTime2), @p3='?' (DbType = Boolean), @p4='?' (Size = 4000), @p5='?' (DbType = DateTime2), @p6='?' (DbType = Guid)], CommandType='"Text"', CommandTimeout='30']
SET IMPLICIT_TRANSACTIONS OFF;
SET NOCOUNT ON;
INSERT INTO [RefreshTokens] ([Id], [CreatedAt], [ExpiresAt], [IsRevoked], [Token], [UpdatedAt], [UserId])
VALUES (@p0, @p1, @p2, @p3, @p4, @p5, @p6);
2026-05-10 00:00:18.207 +06:00 [INF] Executing OkObjectResult, writing value of type 'MCQ2.DataConnect.Responses.ApiResponse`1[[MCQ2.DataConnect.Responses.LoginResponse, MCQ2.DataConnect, Version=1.0.0.0, Culture=neutral, PublicKeyToken=null]]'.
2026-05-10 00:00:18.209 +06:00 [INF] Executed action MCQ2.API.Controllers.AuthController.Login (MCQ2.API) in 278.1764ms
2026-05-10 00:00:18.210 +06:00 [INF] Executed endpoint 'MCQ2.API.Controllers.AuthController.Login (MCQ2.API)'
2026-05-10 00:00:18.211 +06:00 [INF] Request finished HTTP/1.1 POST http://localhost:5000/api/auth/login - 200 null application/json; charset=utf-8 287.5994ms
2026-05-10 00:00:18.239 +06:00 [INF] Request starting HTTP/1.1 GET http://localhost:5000/api/users - null null
2026-05-10 00:00:18.241 +06:00 [INF] Request finished HTTP/1.1 GET http://localhost:5000/api/users - 404 0 null 2.1469ms
2026-05-10 00:00:18.243 +06:00 [INF] Request reached the end of the middleware pipeline without being handled by application code. Request path: GET http://localhost:5000/api/users, Response status code: 404
2026-05-10 00:00:18.245 +06:00 [INF] Request starting HTTP/1.1 GET http://localhost:5000/api/users - null null
2026-05-10 00:00:18.248 +06:00 [INF] Request finished HTTP/1.1 GET http://localhost:5000/api/users - 404 0 null 3.6348ms
2026-05-10 00:00:18.251 +06:00 [INF] Request reached the end of the middleware pipeline without being handled by application code. Request path: GET http://localhost:5000/api/users, Response status code: 404
2026-05-10 00:00:20.312 +06:00 [INF] Request starting HTTP/1.1 POST http://localhost:5000/api/auth/login - application/json 49
2026-05-10 00:00:20.314 +06:00 [INF] CORS policy execution failed.
2026-05-10 00:00:20.315 +06:00 [INF] Request origin http://localhost:5174 does not have permission to access the resource.
2026-05-10 00:00:20.316 +06:00 [INF] Executing endpoint 'MCQ2.API.Controllers.AuthController.Login (MCQ2.API)'
2026-05-10 00:00:20.317 +06:00 [INF] Route matched with {action = "Login", controller = "Auth"}. Executing controller action with signature System.Threading.Tasks.Task`1[Microsoft.AspNetCore.Mvc.IActionResult] Login(MCQ2.DataConnect.Requests.LoginRequest) on controller MCQ2.API.Controllers.AuthController (MCQ2.API).
2026-05-10 00:00:20.320 +06:00 [INF] Executed DbCommand (0ms) [Parameters=[@__request_Email_0='?' (Size = 450)], CommandType='"Text"', CommandTimeout='30']
SELECT TOP(1) [u].[Id], [u].[CreatedAt], [u].[CreatedById], [u].[Email], [u].[FullName], [u].[IsActive], [u].[PasswordHash], [u].[Role], [u].[TempPassword], [u].[UpdatedAt]
FROM [Users] AS [u]
WHERE [u].[Email] = @__request_Email_0 AND [u].[IsActive] = CAST(1 AS bit)
2026-05-10 00:00:20.586 +06:00 [INF] Executed DbCommand (5ms) [Parameters=[@p0='?' (DbType = Guid), @p1='?' (DbType = DateTime2), @p2='?' (DbType = DateTime2), @p3='?' (DbType = Boolean), @p4='?' (Size = 4000), @p5='?' (DbType = DateTime2), @p6='?' (DbType = Guid)], CommandType='"Text"', CommandTimeout='30']
SET IMPLICIT_TRANSACTIONS OFF;
SET NOCOUNT ON;
INSERT INTO [RefreshTokens] ([Id], [CreatedAt], [ExpiresAt], [IsRevoked], [Token], [UpdatedAt], [UserId])
VALUES (@p0, @p1, @p2, @p3, @p4, @p5, @p6);
2026-05-10 00:00:20.589 +06:00 [INF] Executing OkObjectResult, writing value of type 'MCQ2.DataConnect.Responses.ApiResponse`1[[MCQ2.DataConnect.Responses.LoginResponse, MCQ2.DataConnect, Version=1.0.0.0, Culture=neutral, PublicKeyToken=null]]'.
2026-05-10 00:00:20.590 +06:00 [INF] Executed action MCQ2.API.Controllers.AuthController.Login (MCQ2.API) in 271.6926ms
2026-05-10 00:00:20.591 +06:00 [INF] Executed endpoint 'MCQ2.API.Controllers.AuthController.Login (MCQ2.API)'
2026-05-10 00:00:20.592 +06:00 [INF] Request finished HTTP/1.1 POST http://localhost:5000/api/auth/login - 200 null application/json; charset=utf-8 280.0508ms
2026-05-10 00:00:20.619 +06:00 [INF] Request starting HTTP/1.1 GET http://localhost:5000/api/users - null null
2026-05-10 00:00:20.622 +06:00 [INF] Request finished HTTP/1.1 GET http://localhost:5000/api/users - 404 0 null 3.3054ms
2026-05-10 00:00:20.626 +06:00 [INF] Request starting HTTP/1.1 GET http://localhost:5000/api/users - null null
2026-05-10 00:00:20.627 +06:00 [INF] Request reached the end of the middleware pipeline without being handled by application code. Request path: GET http://localhost:5000/api/users, Response status code: 404
2026-05-10 00:00:20.630 +06:00 [INF] Request finished HTTP/1.1 GET http://localhost:5000/api/users - 404 0 null 4.3193ms
2026-05-10 00:00:20.638 +06:00 [INF] Request reached the end of the middleware pipeline without being handled by application code. Request path: GET http://localhost:5000/api/users, Response status code: 404
2026-05-10 00:00:23.606 +06:00 [INF] Request starting HTTP/1.1 POST http://localhost:5000/api/auth/login - application/json 49
2026-05-10 00:00:23.608 +06:00 [INF] CORS policy execution failed.
2026-05-10 00:00:23.608 +06:00 [INF] Request origin http://localhost:5174 does not have permission to access the resource.
2026-05-10 00:00:23.609 +06:00 [INF] Executing endpoint 'MCQ2.API.Controllers.AuthController.Login (MCQ2.API)'
2026-05-10 00:00:23.610 +06:00 [INF] Route matched with {action = "Login", controller = "Auth"}. Executing controller action with signature System.Threading.Tasks.Task`1[Microsoft.AspNetCore.Mvc.IActionResult] Login(MCQ2.DataConnect.Requests.LoginRequest) on controller MCQ2.API.Controllers.AuthController (MCQ2.API).
2026-05-10 00:00:23.613 +06:00 [INF] Executed DbCommand (0ms) [Parameters=[@__request_Email_0='?' (Size = 450)], CommandType='"Text"', CommandTimeout='30']
SELECT TOP(1) [u].[Id], [u].[CreatedAt], [u].[CreatedById], [u].[Email], [u].[FullName], [u].[IsActive], [u].[PasswordHash], [u].[Role], [u].[TempPassword], [u].[UpdatedAt]
FROM [Users] AS [u]
WHERE [u].[Email] = @__request_Email_0 AND [u].[IsActive] = CAST(1 AS bit)
2026-05-10 00:00:23.873 +06:00 [INF] Executed DbCommand (1ms) [Parameters=[@p0='?' (DbType = Guid), @p1='?' (DbType = DateTime2), @p2='?' (DbType = DateTime2), @p3='?' (DbType = Boolean), @p4='?' (Size = 4000), @p5='?' (DbType = DateTime2), @p6='?' (DbType = Guid)], CommandType='"Text"', CommandTimeout='30']
SET IMPLICIT_TRANSACTIONS OFF;
SET NOCOUNT ON;
INSERT INTO [RefreshTokens] ([Id], [CreatedAt], [ExpiresAt], [IsRevoked], [Token], [UpdatedAt], [UserId])
VALUES (@p0, @p1, @p2, @p3, @p4, @p5, @p6);
2026-05-10 00:00:23.876 +06:00 [INF] Executing OkObjectResult, writing value of type 'MCQ2.DataConnect.Responses.ApiResponse`1[[MCQ2.DataConnect.Responses.LoginResponse, MCQ2.DataConnect, Version=1.0.0.0, Culture=neutral, PublicKeyToken=null]]'.
2026-05-10 00:00:23.877 +06:00 [INF] Executed action MCQ2.API.Controllers.AuthController.Login (MCQ2.API) in 266.057ms
2026-05-10 00:00:23.879 +06:00 [INF] Executed endpoint 'MCQ2.API.Controllers.AuthController.Login (MCQ2.API)'
2026-05-10 00:00:23.880 +06:00 [INF] Request finished HTTP/1.1 POST http://localhost:5000/api/auth/login - 200 null application/json; charset=utf-8 274.9278ms
2026-05-10 00:00:23.912 +06:00 [INF] Request starting HTTP/1.1 GET http://localhost:5000/api/users - null null
2026-05-10 00:00:23.914 +06:00 [INF] Request finished HTTP/1.1 GET http://localhost:5000/api/users - 404 0 null 2.083ms
2026-05-10 00:00:23.916 +06:00 [INF] Request reached the end of the middleware pipeline without being handled by application code. Request path: GET http://localhost:5000/api/users, Response status code: 404
2026-05-10 00:00:23.917 +06:00 [INF] Request starting HTTP/1.1 GET http://localhost:5000/api/users - null null
2026-05-10 00:00:23.921 +06:00 [INF] Request finished HTTP/1.1 GET http://localhost:5000/api/users - 404 0 null 4.0556ms
2026-05-10 00:00:23.924 +06:00 [INF] Request reached the end of the middleware pipeline without being handled by application code. Request path: GET http://localhost:5000/api/users, Response status code: 404
2026-05-10 00:00:26.947 +06:00 [INF] Request starting HTTP/1.1 POST http://localhost:5000/api/auth/login - application/json 49
2026-05-10 00:00:26.948 +06:00 [INF] CORS policy execution failed.
2026-05-10 00:00:26.949 +06:00 [INF] Request origin http://localhost:5174 does not have permission to access the resource.
2026-05-10 00:00:26.950 +06:00 [INF] Executing endpoint 'MCQ2.API.Controllers.AuthController.Login (MCQ2.API)'
2026-05-10 00:00:26.951 +06:00 [INF] Route matched with {action = "Login", controller = "Auth"}. Executing controller action with signature System.Threading.Tasks.Task`1[Microsoft.AspNetCore.Mvc.IActionResult] Login(MCQ2.DataConnect.Requests.LoginRequest) on controller MCQ2.API.Controllers.AuthController (MCQ2.API).
2026-05-10 00:00:26.954 +06:00 [INF] Executed DbCommand (1ms) [Parameters=[@__request_Email_0='?' (Size = 450)], CommandType='"Text"', CommandTimeout='30']
SELECT TOP(1) [u].[Id], [u].[CreatedAt], [u].[CreatedById], [u].[Email], [u].[FullName], [u].[IsActive], [u].[PasswordHash], [u].[Role], [u].[TempPassword], [u].[UpdatedAt]
FROM [Users] AS [u]
WHERE [u].[Email] = @__request_Email_0 AND [u].[IsActive] = CAST(1 AS bit)
2026-05-10 00:00:27.218 +06:00 [INF] Executed DbCommand (1ms) [Parameters=[@p0='?' (DbType = Guid), @p1='?' (DbType = DateTime2), @p2='?' (DbType = DateTime2), @p3='?' (DbType = Boolean), @p4='?' (Size = 4000), @p5='?' (DbType = DateTime2), @p6='?' (DbType = Guid)], CommandType='"Text"', CommandTimeout='30']
SET IMPLICIT_TRANSACTIONS OFF;
SET NOCOUNT ON;
INSERT INTO [RefreshTokens] ([Id], [CreatedAt], [ExpiresAt], [IsRevoked], [Token], [UpdatedAt], [UserId])
VALUES (@p0, @p1, @p2, @p3, @p4, @p5, @p6);
2026-05-10 00:00:27.220 +06:00 [INF] Executing OkObjectResult, writing value of type 'MCQ2.DataConnect.Responses.ApiResponse`1[[MCQ2.DataConnect.Responses.LoginResponse, MCQ2.DataConnect, Version=1.0.0.0, Culture=neutral, PublicKeyToken=null]]'.
2026-05-10 00:00:27.222 +06:00 [INF] Executed action MCQ2.API.Controllers.AuthController.Login (MCQ2.API) in 269.4009ms
2026-05-10 00:00:27.223 +06:00 [INF] Executed endpoint 'MCQ2.API.Controllers.AuthController.Login (MCQ2.API)'
2026-05-10 00:00:27.224 +06:00 [INF] Request finished HTTP/1.1 POST http://localhost:5000/api/auth/login - 200 null application/json; charset=utf-8 277.6023ms
2026-05-10 00:00:27.255 +06:00 [INF] Request starting HTTP/1.1 GET http://localhost:5000/api/users - null null
2026-05-10 00:00:27.258 +06:00 [INF] Request finished HTTP/1.1 GET http://localhost:5000/api/users - 404 0 null 2.511ms
2026-05-10 00:00:27.262 +06:00 [INF] Request starting HTTP/1.1 GET http://localhost:5000/api/users - null null
2026-05-10 00:00:27.263 +06:00 [INF] Request reached the end of the middleware pipeline without being handled by application code. Request path: GET http://localhost:5000/api/users, Response status code: 404
2026-05-10 00:00:27.266 +06:00 [INF] Request finished HTTP/1.1 GET http://localhost:5000/api/users - 404 0 null 4.7349ms
2026-05-10 00:00:27.274 +06:00 [INF] Request reached the end of the middleware pipeline without being handled by application code. Request path: GET http://localhost:5000/api/users, Response status code: 404
2026-05-10 00:00:31.938 +06:00 [INF] Request starting HTTP/1.1 POST http://localhost:5000/api/auth/login - application/json 53
2026-05-10 00:00:31.940 +06:00 [INF] CORS policy execution failed.
2026-05-10 00:00:31.941 +06:00 [INF] Request origin http://localhost:5174 does not have permission to access the resource.
2026-05-10 00:00:31.941 +06:00 [INF] Executing endpoint 'MCQ2.API.Controllers.AuthController.Login (MCQ2.API)'
2026-05-10 00:00:31.943 +06:00 [INF] Route matched with {action = "Login", controller = "Auth"}. Executing controller action with signature System.Threading.Tasks.Task`1[Microsoft.AspNetCore.Mvc.IActionResult] Login(MCQ2.DataConnect.Requests.LoginRequest) on controller MCQ2.API.Controllers.AuthController (MCQ2.API).
2026-05-10 00:00:31.947 +06:00 [INF] Executed DbCommand (0ms) [Parameters=[@__request_Email_0='?' (Size = 450)], CommandType='"Text"', CommandTimeout='30']
SELECT TOP(1) [u].[Id], [u].[CreatedAt], [u].[CreatedById], [u].[Email], [u].[FullName], [u].[IsActive], [u].[PasswordHash], [u].[Role], [u].[TempPassword], [u].[UpdatedAt]
FROM [Users] AS [u]
WHERE [u].[Email] = @__request_Email_0 AND [u].[IsActive] = CAST(1 AS bit)
2026-05-10 00:00:32.218 +06:00 [INF] Executed DbCommand (5ms) [Parameters=[@p0='?' (DbType = Guid), @p1='?' (DbType = DateTime2), @p2='?' (DbType = DateTime2), @p3='?' (DbType = Boolean), @p4='?' (Size = 4000), @p5='?' (DbType = DateTime2), @p6='?' (DbType = Guid)], CommandType='"Text"', CommandTimeout='30']
SET IMPLICIT_TRANSACTIONS OFF;
SET NOCOUNT ON;
INSERT INTO [RefreshTokens] ([Id], [CreatedAt], [ExpiresAt], [IsRevoked], [Token], [UpdatedAt], [UserId])
VALUES (@p0, @p1, @p2, @p3, @p4, @p5, @p6);
2026-05-10 00:00:32.220 +06:00 [INF] Executing OkObjectResult, writing value of type 'MCQ2.DataConnect.Responses.ApiResponse`1[[MCQ2.DataConnect.Responses.LoginResponse, MCQ2.DataConnect, Version=1.0.0.0, Culture=neutral, PublicKeyToken=null]]'.
2026-05-10 00:00:32.221 +06:00 [INF] Executed action MCQ2.API.Controllers.AuthController.Login (MCQ2.API) in 275.4625ms
2026-05-10 00:00:32.222 +06:00 [INF] Executed endpoint 'MCQ2.API.Controllers.AuthController.Login (MCQ2.API)'
2026-05-10 00:00:32.223 +06:00 [INF] Request finished HTTP/1.1 POST http://localhost:5000/api/auth/login - 200 null application/json; charset=utf-8 284.1888ms
2026-05-10 00:00:32.250 +06:00 [INF] Request starting HTTP/1.1 GET http://localhost:5000/api/subjects - null null
2026-05-10 00:00:32.256 +06:00 [INF] Executing endpoint 'MCQ2.API.Controllers.SubjectsController.GetAll (MCQ2.API)'
2026-05-10 00:00:32.261 +06:00 [INF] Route matched with {action = "GetAll", controller = "Subjects"}. Executing controller action with signature System.Threading.Tasks.Task`1[Microsoft.AspNetCore.Mvc.IActionResult] GetAll() on controller MCQ2.API.Controllers.SubjectsController (MCQ2.API).
2026-05-10 00:00:32.266 +06:00 [INF] Executed action MCQ2.API.Controllers.SubjectsController.GetAll (MCQ2.API) in 3.5372ms
2026-05-10 00:00:32.267 +06:00 [INF] Executed endpoint 'MCQ2.API.Controllers.SubjectsController.GetAll (MCQ2.API)'
2026-05-10 00:00:32.268 +06:00 [ERR] An unhandled exception has occurred while executing the request.
System.NullReferenceException: Object reference not set to an instance of an object.
   at MCQ2.API.Controllers.SubjectsController.GetAll() in D:\MCQ\backend\MCQ2.API\Controllers\SubjectsController.cs:line 26
   at Microsoft.AspNetCore.Mvc.Infrastructure.ActionMethodExecutor.TaskOfIActionResultExecutor.Execute(ActionContext actionContext, IActionResultTypeMapper mapper, ObjectMethodExecutor executor, Object controller, Object[] arguments)
   at Microsoft.AspNetCore.Mvc.Infrastructure.ControllerActionInvoker.<InvokeActionMethodAsync>g__Awaited|12_0(ControllerActionInvoker invoker, ValueTask`1 actionResultValueTask)
   at Microsoft.AspNetCore.Mvc.Infrastructure.ControllerActionInvoker.<InvokeNextActionFilterAsync>g__Awaited|10_0(ControllerActionInvoker invoker, Task lastTask, State next, Scope scope, Object state, Boolean isCompleted)
   at Microsoft.AspNetCore.Mvc.Infrastructure.ControllerActionInvoker.Rethrow(ActionExecutedContextSealed context)
   at Microsoft.AspNetCore.Mvc.Infrastructure.ControllerActionInvoker.Next(State& next, Scope& scope, Object& state, Boolean& isCompleted)
   at Microsoft.AspNetCore.Mvc.Infrastructure.ControllerActionInvoker.InvokeInnerFilterAsync()
--- End of stack trace from previous location ---
   at Microsoft.AspNetCore.Mvc.Infrastructure.ResourceInvoker.<InvokeFilterPipelineAsync>g__Awaited|20_0(ResourceInvoker invoker, Task lastTask, State next, Scope scope, Object state, Boolean isCompleted)
   at Microsoft.AspNetCore.Mvc.Infrastructure.ResourceInvoker.<InvokeAsync>g__Logged|17_1(ResourceInvoker invoker)
   at Microsoft.AspNetCore.Mvc.Infrastructure.ResourceInvoker.<InvokeAsync>g__Logged|17_1(ResourceInvoker invoker)
   at Microsoft.AspNetCore.Routing.EndpointMiddleware.<Invoke>g__AwaitRequestTask|7_0(Endpoint endpoint, Task requestTask, ILogger logger)
   at Microsoft.AspNetCore.Authorization.AuthorizationMiddleware.Invoke(HttpContext context)
   at Microsoft.AspNetCore.Authentication.AuthenticationMiddleware.Invoke(HttpContext context)
   at Swashbuckle.AspNetCore.SwaggerUI.SwaggerUIMiddleware.Invoke(HttpContext httpContext)
   at Swashbuckle.AspNetCore.Swagger.SwaggerMiddleware.Invoke(HttpContext httpContext, ISwaggerProvider swaggerProvider)
   at Microsoft.AspNetCore.Diagnostics.DeveloperExceptionPageMiddlewareImpl.Invoke(HttpContext context)
2026-05-10 00:00:32.291 +06:00 [INF] Request finished HTTP/1.1 GET http://localhost:5000/api/subjects - 500 null text/plain; charset=utf-8 40.7106ms
2026-05-10 00:00:32.294 +06:00 [INF] Request starting HTTP/1.1 GET http://localhost:5000/api/subjects - null null
2026-05-10 00:00:32.298 +06:00 [INF] Executing endpoint 'MCQ2.API.Controllers.SubjectsController.GetAll (MCQ2.API)'
2026-05-10 00:00:32.299 +06:00 [INF] Route matched with {action = "GetAll", controller = "Subjects"}. Executing controller action with signature System.Threading.Tasks.Task`1[Microsoft.AspNetCore.Mvc.IActionResult] GetAll() on controller MCQ2.API.Controllers.SubjectsController (MCQ2.API).
2026-05-10 00:00:32.301 +06:00 [INF] Executed action MCQ2.API.Controllers.SubjectsController.GetAll (MCQ2.API) in 0.5985ms
2026-05-10 00:00:32.302 +06:00 [INF] Executed endpoint 'MCQ2.API.Controllers.SubjectsController.GetAll (MCQ2.API)'
2026-05-10 00:00:32.303 +06:00 [ERR] An unhandled exception has occurred while executing the request.
System.NullReferenceException: Object reference not set to an instance of an object.
   at MCQ2.API.Controllers.SubjectsController.GetAll() in D:\MCQ\backend\MCQ2.API\Controllers\SubjectsController.cs:line 26
   at Microsoft.AspNetCore.Mvc.Infrastructure.ActionMethodExecutor.TaskOfIActionResultExecutor.Execute(ActionContext actionContext, IActionResultTypeMapper mapper, ObjectMethodExecutor executor, Object controller, Object[] arguments)
   at Microsoft.AspNetCore.Mvc.Infrastructure.ControllerActionInvoker.<InvokeActionMethodAsync>g__Awaited|12_0(ControllerActionInvoker invoker, ValueTask`1 actionResultValueTask)
   at Microsoft.AspNetCore.Mvc.Infrastructure.ControllerActionInvoker.<InvokeNextActionFilterAsync>g__Awaited|10_0(ControllerActionInvoker invoker, Task lastTask, State next, Scope scope, Object state, Boolean isCompleted)
   at Microsoft.AspNetCore.Mvc.Infrastructure.ControllerActionInvoker.Rethrow(ActionExecutedContextSealed context)
   at Microsoft.AspNetCore.Mvc.Infrastructure.ControllerActionInvoker.Next(State& next, Scope& scope, Object& state, Boolean& isCompleted)
   at Microsoft.AspNetCore.Mvc.Infrastructure.ControllerActionInvoker.InvokeInnerFilterAsync()
--- End of stack trace from previous location ---
   at Microsoft.AspNetCore.Mvc.Infrastructure.ResourceInvoker.<InvokeFilterPipelineAsync>g__Awaited|20_0(ResourceInvoker invoker, Task lastTask, State next, Scope scope, Object state, Boolean isCompleted)
   at Microsoft.AspNetCore.Mvc.Infrastructure.ResourceInvoker.<InvokeAsync>g__Logged|17_1(ResourceInvoker invoker)
   at Microsoft.AspNetCore.Mvc.Infrastructure.ResourceInvoker.<InvokeAsync>g__Logged|17_1(ResourceInvoker invoker)
   at Microsoft.AspNetCore.Routing.EndpointMiddleware.<Invoke>g__AwaitRequestTask|7_0(Endpoint endpoint, Task requestTask, ILogger logger)
   at Microsoft.AspNetCore.Authorization.AuthorizationMiddleware.Invoke(HttpContext context)
   at Microsoft.AspNetCore.Authentication.AuthenticationMiddleware.Invoke(HttpContext context)
   at Swashbuckle.AspNetCore.SwaggerUI.SwaggerUIMiddleware.Invoke(HttpContext httpContext)
   at Swashbuckle.AspNetCore.Swagger.SwaggerMiddleware.Invoke(HttpContext httpContext, ISwaggerProvider swaggerProvider)
   at Microsoft.AspNetCore.Diagnostics.DeveloperExceptionPageMiddlewareImpl.Invoke(HttpContext context)
2026-05-10 00:00:32.308 +06:00 [INF] Request finished HTTP/1.1 GET http://localhost:5000/api/subjects - 500 null text/plain; charset=utf-8 13.3586ms
2026-05-10 00:00:36.329 +06:00 [INF] Request starting HTTP/1.1 POST http://localhost:5000/api/auth/login - application/json 53
2026-05-10 00:00:36.331 +06:00 [INF] CORS policy execution failed.
2026-05-10 00:00:36.332 +06:00 [INF] Request origin http://localhost:5174 does not have permission to access the resource.
2026-05-10 00:00:36.338 +06:00 [INF] Executing endpoint 'MCQ2.API.Controllers.AuthController.Login (MCQ2.API)'
2026-05-10 00:00:36.339 +06:00 [INF] Route matched with {action = "Login", controller = "Auth"}. Executing controller action with signature System.Threading.Tasks.Task`1[Microsoft.AspNetCore.Mvc.IActionResult] Login(MCQ2.DataConnect.Requests.LoginRequest) on controller MCQ2.API.Controllers.AuthController (MCQ2.API).
2026-05-10 00:00:36.343 +06:00 [INF] Executed DbCommand (1ms) [Parameters=[@__request_Email_0='?' (Size = 450)], CommandType='"Text"', CommandTimeout='30']
SELECT TOP(1) [u].[Id], [u].[CreatedAt], [u].[CreatedById], [u].[Email], [u].[FullName], [u].[IsActive], [u].[PasswordHash], [u].[Role], [u].[TempPassword], [u].[UpdatedAt]
FROM [Users] AS [u]
WHERE [u].[Email] = @__request_Email_0 AND [u].[IsActive] = CAST(1 AS bit)
2026-05-10 00:00:36.607 +06:00 [INF] Executed DbCommand (5ms) [Parameters=[@p0='?' (DbType = Guid), @p1='?' (DbType = DateTime2), @p2='?' (DbType = DateTime2), @p3='?' (DbType = Boolean), @p4='?' (Size = 4000), @p5='?' (DbType = DateTime2), @p6='?' (DbType = Guid)], CommandType='"Text"', CommandTimeout='30']
SET IMPLICIT_TRANSACTIONS OFF;
SET NOCOUNT ON;
INSERT INTO [RefreshTokens] ([Id], [CreatedAt], [ExpiresAt], [IsRevoked], [Token], [UpdatedAt], [UserId])
VALUES (@p0, @p1, @p2, @p3, @p4, @p5, @p6);
2026-05-10 00:00:36.609 +06:00 [INF] Executing OkObjectResult, writing value of type 'MCQ2.DataConnect.Responses.ApiResponse`1[[MCQ2.DataConnect.Responses.LoginResponse, MCQ2.DataConnect, Version=1.0.0.0, Culture=neutral, PublicKeyToken=null]]'.
2026-05-10 00:00:36.610 +06:00 [INF] Executed action MCQ2.API.Controllers.AuthController.Login (MCQ2.API) in 269.3221ms
2026-05-10 00:00:36.611 +06:00 [INF] Executed endpoint 'MCQ2.API.Controllers.AuthController.Login (MCQ2.API)'
2026-05-10 00:00:36.613 +06:00 [INF] Request finished HTTP/1.1 POST http://localhost:5000/api/auth/login - 200 null application/json; charset=utf-8 283.9868ms
2026-05-10 00:00:36.641 +06:00 [INF] Request starting HTTP/1.1 GET http://localhost:5000/api/attempts/my-chapters - null null
2026-05-10 00:00:36.646 +06:00 [INF] Executing endpoint 'MCQ2.API.Controllers.AttemptsController.GetMyChapters (MCQ2.API)'
2026-05-10 00:00:36.650 +06:00 [INF] Route matched with {action = "GetMyChapters", controller = "Attempts"}. Executing controller action with signature System.Threading.Tasks.Task`1[Microsoft.AspNetCore.Mvc.IActionResult] GetMyChapters() on controller MCQ2.API.Controllers.AttemptsController (MCQ2.API).
2026-05-10 00:00:36.749 +06:00 [INF] Executed DbCommand (12ms) [Parameters=[@__studentId_0='?' (DbType = Guid)], CommandType='"Text"', CommandTimeout='30']
SELECT [e].[Id], [e].[ChapterId], [e].[CreatedAt], [e].[EnrolledAt], [e].[EnrolledById], [e].[ExpiresAt], [e].[RemovedAt], [e].[StudentId], [e].[TransferredFromChapterId], [e].[UpdatedAt], [c].[Id], [c].[CreatedAt], [c].[Description], [c].[IsArchived], [c].[OrderIndex], [c].[SubjectId], [c].[Title], [c].[UpdatedAt], [s].[Id], [s].[CreatedAt], [s].[Description], [s].[IsArchived], [s].[TeacherId], [s].[Title], [s].[UpdatedAt], [e0].[Id], [e0].[AutoReleaseResults], [e0].[AvailableFrom], [e0].[AvailableUntil], [e0].[ChapterId], [e0].[CreatedAt], [e0].[MaxAttempts], [e0].[NegativeMarking], [e0].[PassingScore], [e0].[ShowAnswersAfter], [e0].[ShuffleOptions], [e0].[ShuffleQuestions], [e0].[Status], [e0].[TimeLimitSeconds], [e0].[Title], [e0].[TotalMarks], [e0].[UpdatedAt]
FROM [Enrolments] AS [e]
INNER JOIN [Chapters] AS [c] ON [e].[ChapterId] = [c].[Id]
INNER JOIN [Subjects] AS [s] ON [c].[SubjectId] = [s].[Id]
LEFT JOIN [Exams] AS [e0] ON [c].[Id] = [e0].[ChapterId]
WHERE [e].[StudentId] = @__studentId_0 AND [e].[RemovedAt] IS NULL AND ([e].[ExpiresAt] IS NULL OR [e].[ExpiresAt] > GETUTCDATE())
ORDER BY [e].[Id], [c].[Id], [s].[Id]
2026-05-10 00:00:36.821 +06:00 [INF] Executing OkObjectResult, writing value of type 'MCQ2.DataConnect.Responses.ApiResponse`1[[System.Collections.Generic.IEnumerable`1[[MCQ2.DataConnect.ViewModels.ChapterWithExamsViewModel, MCQ2.DataConnect, Version=1.0.0.0, Culture=neutral, PublicKeyToken=null]], System.Private.CoreLib, Version=8.0.0.0, Culture=neutral, PublicKeyToken=7cec85d7bea7798e]]'.
2026-05-10 00:00:36.827 +06:00 [INF] Executed action MCQ2.API.Controllers.AttemptsController.GetMyChapters (MCQ2.API) in 175.3605ms
2026-05-10 00:00:36.828 +06:00 [INF] Executed endpoint 'MCQ2.API.Controllers.AttemptsController.GetMyChapters (MCQ2.API)'
2026-05-10 00:00:36.831 +06:00 [INF] Request finished HTTP/1.1 GET http://localhost:5000/api/attempts/my-chapters - 200 null application/json; charset=utf-8 189.209ms
2026-05-10 00:00:36.831 +06:00 [INF] Request starting HTTP/1.1 GET http://localhost:5000/api/attempts/my-chapters - null null
2026-05-10 00:00:36.837 +06:00 [INF] Executing endpoint 'MCQ2.API.Controllers.AttemptsController.GetMyChapters (MCQ2.API)'
2026-05-10 00:00:36.837 +06:00 [INF] Route matched with {action = "GetMyChapters", controller = "Attempts"}. Executing controller action with signature System.Threading.Tasks.Task`1[Microsoft.AspNetCore.Mvc.IActionResult] GetMyChapters() on controller MCQ2.API.Controllers.AttemptsController (MCQ2.API).
2026-05-10 00:00:36.840 +06:00 [INF] Executed DbCommand (0ms) [Parameters=[@__studentId_0='?' (DbType = Guid)], CommandType='"Text"', CommandTimeout='30']
SELECT [e].[Id], [e].[ChapterId], [e].[CreatedAt], [e].[EnrolledAt], [e].[EnrolledById], [e].[ExpiresAt], [e].[RemovedAt], [e].[StudentId], [e].[TransferredFromChapterId], [e].[UpdatedAt], [c].[Id], [c].[CreatedAt], [c].[Description], [c].[IsArchived], [c].[OrderIndex], [c].[SubjectId], [c].[Title], [c].[UpdatedAt], [s].[Id], [s].[CreatedAt], [s].[Description], [s].[IsArchived], [s].[TeacherId], [s].[Title], [s].[UpdatedAt], [e0].[Id], [e0].[AutoReleaseResults], [e0].[AvailableFrom], [e0].[AvailableUntil], [e0].[ChapterId], [e0].[CreatedAt], [e0].[MaxAttempts], [e0].[NegativeMarking], [e0].[PassingScore], [e0].[ShowAnswersAfter], [e0].[ShuffleOptions], [e0].[ShuffleQuestions], [e0].[Status], [e0].[TimeLimitSeconds], [e0].[Title], [e0].[TotalMarks], [e0].[UpdatedAt]
FROM [Enrolments] AS [e]
INNER JOIN [Chapters] AS [c] ON [e].[ChapterId] = [c].[Id]
INNER JOIN [Subjects] AS [s] ON [c].[SubjectId] = [s].[Id]
LEFT JOIN [Exams] AS [e0] ON [c].[Id] = [e0].[ChapterId]
WHERE [e].[StudentId] = @__studentId_0 AND [e].[RemovedAt] IS NULL AND ([e].[ExpiresAt] IS NULL OR [e].[ExpiresAt] > GETUTCDATE())
ORDER BY [e].[Id], [c].[Id], [s].[Id]
2026-05-10 00:00:36.843 +06:00 [INF] Executing OkObjectResult, writing value of type 'MCQ2.DataConnect.Responses.ApiResponse`1[[System.Collections.Generic.IEnumerable`1[[MCQ2.DataConnect.ViewModels.ChapterWithExamsViewModel, MCQ2.DataConnect, Version=1.0.0.0, Culture=neutral, PublicKeyToken=null]], System.Private.CoreLib, Version=8.0.0.0, Culture=neutral, PublicKeyToken=7cec85d7bea7798e]]'.
2026-05-10 00:00:36.844 +06:00 [INF] Executed action MCQ2.API.Controllers.AttemptsController.GetMyChapters (MCQ2.API) in 5.5867ms
2026-05-10 00:00:36.847 +06:00 [INF] Executed endpoint 'MCQ2.API.Controllers.AttemptsController.GetMyChapters (MCQ2.API)'
2026-05-10 00:00:36.848 +06:00 [INF] Request finished HTTP/1.1 GET http://localhost:5000/api/attempts/my-chapters - 200 null application/json; charset=utf-8 17.0857ms
2026-05-10 00:00:40.039 +06:00 [INF] Request starting HTTP/1.1 POST http://localhost:5000/api/auth/login - application/json 49
2026-05-10 00:00:40.041 +06:00 [INF] CORS policy execution failed.
2026-05-10 00:00:40.042 +06:00 [INF] Request origin http://localhost:5174 does not have permission to access the resource.
2026-05-10 00:00:40.043 +06:00 [INF] Executing endpoint 'MCQ2.API.Controllers.AuthController.Login (MCQ2.API)'
2026-05-10 00:00:40.043 +06:00 [INF] Route matched with {action = "Login", controller = "Auth"}. Executing controller action with signature System.Threading.Tasks.Task`1[Microsoft.AspNetCore.Mvc.IActionResult] Login(MCQ2.DataConnect.Requests.LoginRequest) on controller MCQ2.API.Controllers.AuthController (MCQ2.API).
2026-05-10 00:00:40.047 +06:00 [INF] Executed DbCommand (0ms) [Parameters=[@__request_Email_0='?' (Size = 450)], CommandType='"Text"', CommandTimeout='30']
SELECT TOP(1) [u].[Id], [u].[CreatedAt], [u].[CreatedById], [u].[Email], [u].[FullName], [u].[IsActive], [u].[PasswordHash], [u].[Role], [u].[TempPassword], [u].[UpdatedAt]
FROM [Users] AS [u]
WHERE [u].[Email] = @__request_Email_0 AND [u].[IsActive] = CAST(1 AS bit)
2026-05-10 00:00:40.315 +06:00 [INF] Executed DbCommand (2ms) [Parameters=[@p0='?' (DbType = Guid), @p1='?' (DbType = DateTime2), @p2='?' (DbType = DateTime2), @p3='?' (DbType = Boolean), @p4='?' (Size = 4000), @p5='?' (DbType = DateTime2), @p6='?' (DbType = Guid)], CommandType='"Text"', CommandTimeout='30']
SET IMPLICIT_TRANSACTIONS OFF;
SET NOCOUNT ON;
INSERT INTO [RefreshTokens] ([Id], [CreatedAt], [ExpiresAt], [IsRevoked], [Token], [UpdatedAt], [UserId])
VALUES (@p0, @p1, @p2, @p3, @p4, @p5, @p6);
2026-05-10 00:00:40.318 +06:00 [INF] Executing OkObjectResult, writing value of type 'MCQ2.DataConnect.Responses.ApiResponse`1[[MCQ2.DataConnect.Responses.LoginResponse, MCQ2.DataConnect, Version=1.0.0.0, Culture=neutral, PublicKeyToken=null]]'.
2026-05-10 00:00:40.319 +06:00 [INF] Executed action MCQ2.API.Controllers.AuthController.Login (MCQ2.API) in 273.9155ms
2026-05-10 00:00:40.321 +06:00 [INF] Executed endpoint 'MCQ2.API.Controllers.AuthController.Login (MCQ2.API)'
2026-05-10 00:00:40.322 +06:00 [INF] Request finished HTTP/1.1 POST http://localhost:5000/api/auth/login - 200 null application/json; charset=utf-8 282.4342ms
2026-05-10 00:00:40.358 +06:00 [INF] Request starting HTTP/1.1 GET http://localhost:5000/api/users - null null
2026-05-10 00:00:40.363 +06:00 [INF] Request finished HTTP/1.1 GET http://localhost:5000/api/users - 404 0 null 4.6513ms
2026-05-10 00:00:40.367 +06:00 [INF] Request starting HTTP/1.1 GET http://localhost:5000/api/users - null null
2026-05-10 00:00:40.368 +06:00 [INF] Request reached the end of the middleware pipeline without being handled by application code. Request path: GET http://localhost:5000/api/users, Response status code: 404
2026-05-10 00:00:40.371 +06:00 [INF] Request finished HTTP/1.1 GET http://localhost:5000/api/users - 404 0 null 4.8984ms
2026-05-10 00:00:40.378 +06:00 [INF] Request reached the end of the middleware pipeline without being handled by application code. Request path: GET http://localhost:5000/api/users, Response status code: 404
2026-05-10 00:02:08.801 +06:00 [INF] Request starting HTTP/1.1 POST http://localhost:5000/api/auth/login - application/json 49
2026-05-10 00:02:08.803 +06:00 [INF] CORS policy execution successful.
2026-05-10 00:02:08.804 +06:00 [INF] Executing endpoint 'MCQ2.API.Controllers.AuthController.Login (MCQ2.API)'
2026-05-10 00:02:08.804 +06:00 [INF] Route matched with {action = "Login", controller = "Auth"}. Executing controller action with signature System.Threading.Tasks.Task`1[Microsoft.AspNetCore.Mvc.IActionResult] Login(MCQ2.DataConnect.Requests.LoginRequest) on controller MCQ2.API.Controllers.AuthController (MCQ2.API).
2026-05-10 00:02:08.809 +06:00 [INF] Executed DbCommand (2ms) [Parameters=[@__request_Email_0='?' (Size = 450)], CommandType='"Text"', CommandTimeout='30']
SELECT TOP(1) [u].[Id], [u].[CreatedAt], [u].[CreatedById], [u].[Email], [u].[FullName], [u].[IsActive], [u].[PasswordHash], [u].[Role], [u].[TempPassword], [u].[UpdatedAt]
FROM [Users] AS [u]
WHERE [u].[Email] = @__request_Email_0 AND [u].[IsActive] = CAST(1 AS bit)
2026-05-10 00:02:09.078 +06:00 [INF] Executed DbCommand (2ms) [Parameters=[@p0='?' (DbType = Guid), @p1='?' (DbType = DateTime2), @p2='?' (DbType = DateTime2), @p3='?' (DbType = Boolean), @p4='?' (Size = 4000), @p5='?' (DbType = DateTime2), @p6='?' (DbType = Guid)], CommandType='"Text"', CommandTimeout='30']
SET IMPLICIT_TRANSACTIONS OFF;
SET NOCOUNT ON;
INSERT INTO [RefreshTokens] ([Id], [CreatedAt], [ExpiresAt], [IsRevoked], [Token], [UpdatedAt], [UserId])
VALUES (@p0, @p1, @p2, @p3, @p4, @p5, @p6);
2026-05-10 00:02:09.080 +06:00 [INF] Executing OkObjectResult, writing value of type 'MCQ2.DataConnect.Responses.ApiResponse`1[[MCQ2.DataConnect.Responses.LoginResponse, MCQ2.DataConnect, Version=1.0.0.0, Culture=neutral, PublicKeyToken=null]]'.
2026-05-10 00:02:09.082 +06:00 [INF] Executed action MCQ2.API.Controllers.AuthController.Login (MCQ2.API) in 276.1574ms
2026-05-10 00:02:09.084 +06:00 [INF] Executed endpoint 'MCQ2.API.Controllers.AuthController.Login (MCQ2.API)'
2026-05-10 00:02:09.085 +06:00 [INF] Request finished HTTP/1.1 POST http://localhost:5000/api/auth/login - 200 null application/json; charset=utf-8 283.9088ms
2026-05-10 00:02:09.120 +06:00 [INF] Request starting HTTP/1.1 GET http://localhost:5000/api/users - null null
2026-05-10 00:02:09.122 +06:00 [INF] Request finished HTTP/1.1 GET http://localhost:5000/api/users - 404 0 null 1.8309ms
2026-05-10 00:02:09.126 +06:00 [INF] Request starting HTTP/1.1 GET http://localhost:5000/api/users - null null
2026-05-10 00:02:09.126 +06:00 [INF] Request reached the end of the middleware pipeline without being handled by application code. Request path: GET http://localhost:5000/api/users, Response status code: 404
2026-05-10 00:02:09.128 +06:00 [INF] Request finished HTTP/1.1 GET http://localhost:5000/api/users - 404 0 null 2.5446ms
2026-05-10 00:02:09.133 +06:00 [INF] Request reached the end of the middleware pipeline without being handled by application code. Request path: GET http://localhost:5000/api/users, Response status code: 404
2026-05-10 00:02:20.625 +06:00 [INF] Request starting HTTP/1.1 POST http://localhost:5000/api/auth/login - application/json 53
2026-05-10 00:02:20.628 +06:00 [INF] CORS policy execution successful.
2026-05-10 00:02:20.629 +06:00 [INF] Executing endpoint 'MCQ2.API.Controllers.AuthController.Login (MCQ2.API)'
2026-05-10 00:02:20.630 +06:00 [INF] Route matched with {action = "Login", controller = "Auth"}. Executing controller action with signature System.Threading.Tasks.Task`1[Microsoft.AspNetCore.Mvc.IActionResult] Login(MCQ2.DataConnect.Requests.LoginRequest) on controller MCQ2.API.Controllers.AuthController (MCQ2.API).
2026-05-10 00:02:20.633 +06:00 [INF] Executed DbCommand (0ms) [Parameters=[@__request_Email_0='?' (Size = 450)], CommandType='"Text"', CommandTimeout='30']
SELECT TOP(1) [u].[Id], [u].[CreatedAt], [u].[CreatedById], [u].[Email], [u].[FullName], [u].[IsActive], [u].[PasswordHash], [u].[Role], [u].[TempPassword], [u].[UpdatedAt]
FROM [Users] AS [u]
WHERE [u].[Email] = @__request_Email_0 AND [u].[IsActive] = CAST(1 AS bit)
2026-05-10 00:02:20.896 +06:00 [INF] Executed DbCommand (5ms) [Parameters=[@p0='?' (DbType = Guid), @p1='?' (DbType = DateTime2), @p2='?' (DbType = DateTime2), @p3='?' (DbType = Boolean), @p4='?' (Size = 4000), @p5='?' (DbType = DateTime2), @p6='?' (DbType = Guid)], CommandType='"Text"', CommandTimeout='30']
SET IMPLICIT_TRANSACTIONS OFF;
SET NOCOUNT ON;
INSERT INTO [RefreshTokens] ([Id], [CreatedAt], [ExpiresAt], [IsRevoked], [Token], [UpdatedAt], [UserId])
VALUES (@p0, @p1, @p2, @p3, @p4, @p5, @p6);
2026-05-10 00:02:20.898 +06:00 [INF] Executing OkObjectResult, writing value of type 'MCQ2.DataConnect.Responses.ApiResponse`1[[MCQ2.DataConnect.Responses.LoginResponse, MCQ2.DataConnect, Version=1.0.0.0, Culture=neutral, PublicKeyToken=null]]'.
2026-05-10 00:02:20.899 +06:00 [INF] Executed action MCQ2.API.Controllers.AuthController.Login (MCQ2.API) in 267.6982ms
2026-05-10 00:02:20.901 +06:00 [INF] Executed endpoint 'MCQ2.API.Controllers.AuthController.Login (MCQ2.API)'
2026-05-10 00:02:20.902 +06:00 [INF] Request finished HTTP/1.1 POST http://localhost:5000/api/auth/login - 200 null application/json; charset=utf-8 277.0405ms
2026-05-10 00:02:20.933 +06:00 [INF] Request starting HTTP/1.1 GET http://localhost:5000/api/subjects - null null
2026-05-10 00:02:20.936 +06:00 [INF] Executing endpoint 'MCQ2.API.Controllers.SubjectsController.GetAll (MCQ2.API)'
2026-05-10 00:02:20.937 +06:00 [INF] Route matched with {action = "GetAll", controller = "Subjects"}. Executing controller action with signature System.Threading.Tasks.Task`1[Microsoft.AspNetCore.Mvc.IActionResult] GetAll() on controller MCQ2.API.Controllers.SubjectsController (MCQ2.API).
2026-05-10 00:02:20.940 +06:00 [INF] Executed action MCQ2.API.Controllers.SubjectsController.GetAll (MCQ2.API) in 1.2266ms
2026-05-10 00:02:20.941 +06:00 [INF] Executed endpoint 'MCQ2.API.Controllers.SubjectsController.GetAll (MCQ2.API)'
2026-05-10 00:02:20.942 +06:00 [ERR] An unhandled exception has occurred while executing the request.
System.NullReferenceException: Object reference not set to an instance of an object.
   at MCQ2.API.Controllers.SubjectsController.GetAll() in D:\MCQ\backend\MCQ2.API\Controllers\SubjectsController.cs:line 26
   at Microsoft.AspNetCore.Mvc.Infrastructure.ActionMethodExecutor.TaskOfIActionResultExecutor.Execute(ActionContext actionContext, IActionResultTypeMapper mapper, ObjectMethodExecutor executor, Object controller, Object[] arguments)
   at Microsoft.AspNetCore.Mvc.Infrastructure.ControllerActionInvoker.<InvokeActionMethodAsync>g__Awaited|12_0(ControllerActionInvoker invoker, ValueTask`1 actionResultValueTask)
   at Microsoft.AspNetCore.Mvc.Infrastructure.ControllerActionInvoker.<InvokeNextActionFilterAsync>g__Awaited|10_0(ControllerActionInvoker invoker, Task lastTask, State next, Scope scope, Object state, Boolean isCompleted)
   at Microsoft.AspNetCore.Mvc.Infrastructure.ControllerActionInvoker.Rethrow(ActionExecutedContextSealed context)
   at Microsoft.AspNetCore.Mvc.Infrastructure.ControllerActionInvoker.Next(State& next, Scope& scope, Object& state, Boolean& isCompleted)
   at Microsoft.AspNetCore.Mvc.Infrastructure.ControllerActionInvoker.InvokeInnerFilterAsync()
--- End of stack trace from previous location ---
   at Microsoft.AspNetCore.Mvc.Infrastructure.ResourceInvoker.<InvokeFilterPipelineAsync>g__Awaited|20_0(ResourceInvoker invoker, Task lastTask, State next, Scope scope, Object state, Boolean isCompleted)
   at Microsoft.AspNetCore.Mvc.Infrastructure.ResourceInvoker.<InvokeAsync>g__Logged|17_1(ResourceInvoker invoker)
   at Microsoft.AspNetCore.Mvc.Infrastructure.ResourceInvoker.<InvokeAsync>g__Logged|17_1(ResourceInvoker invoker)
   at Microsoft.AspNetCore.Routing.EndpointMiddleware.<Invoke>g__AwaitRequestTask|7_0(Endpoint endpoint, Task requestTask, ILogger logger)
   at Microsoft.AspNetCore.Authorization.AuthorizationMiddleware.Invoke(HttpContext context)
   at Microsoft.AspNetCore.Authentication.AuthenticationMiddleware.Invoke(HttpContext context)
   at Swashbuckle.AspNetCore.SwaggerUI.SwaggerUIMiddleware.Invoke(HttpContext httpContext)
   at Swashbuckle.AspNetCore.Swagger.SwaggerMiddleware.Invoke(HttpContext httpContext, ISwaggerProvider swaggerProvider)
   at Microsoft.AspNetCore.Diagnostics.DeveloperExceptionPageMiddlewareImpl.Invoke(HttpContext context)
2026-05-10 00:02:20.948 +06:00 [INF] Request finished HTTP/1.1 GET http://localhost:5000/api/subjects - 500 null text/plain; charset=utf-8 14.3197ms
2026-05-10 00:02:20.952 +06:00 [INF] Request starting HTTP/1.1 GET http://localhost:5000/api/subjects - null null
2026-05-10 00:02:20.954 +06:00 [INF] Executing endpoint 'MCQ2.API.Controllers.SubjectsController.GetAll (MCQ2.API)'
2026-05-10 00:02:20.955 +06:00 [INF] Route matched with {action = "GetAll", controller = "Subjects"}. Executing controller action with signature System.Threading.Tasks.Task`1[Microsoft.AspNetCore.Mvc.IActionResult] GetAll() on controller MCQ2.API.Controllers.SubjectsController (MCQ2.API).
2026-05-10 00:02:20.956 +06:00 [INF] Executed action MCQ2.API.Controllers.SubjectsController.GetAll (MCQ2.API) in 0.3696ms
2026-05-10 00:02:20.958 +06:00 [INF] Executed endpoint 'MCQ2.API.Controllers.SubjectsController.GetAll (MCQ2.API)'
2026-05-10 00:02:20.959 +06:00 [ERR] An unhandled exception has occurred while executing the request.
System.NullReferenceException: Object reference not set to an instance of an object.
   at MCQ2.API.Controllers.SubjectsController.GetAll() in D:\MCQ\backend\MCQ2.API\Controllers\SubjectsController.cs:line 26
   at Microsoft.AspNetCore.Mvc.Infrastructure.ActionMethodExecutor.TaskOfIActionResultExecutor.Execute(ActionContext actionContext, IActionResultTypeMapper mapper, ObjectMethodExecutor executor, Object controller, Object[] arguments)
   at Microsoft.AspNetCore.Mvc.Infrastructure.ControllerActionInvoker.<InvokeActionMethodAsync>g__Awaited|12_0(ControllerActionInvoker invoker, ValueTask`1 actionResultValueTask)
   at Microsoft.AspNetCore.Mvc.Infrastructure.ControllerActionInvoker.<InvokeNextActionFilterAsync>g__Awaited|10_0(ControllerActionInvoker invoker, Task lastTask, State next, Scope scope, Object state, Boolean isCompleted)
   at Microsoft.AspNetCore.Mvc.Infrastructure.ControllerActionInvoker.Rethrow(ActionExecutedContextSealed context)
   at Microsoft.AspNetCore.Mvc.Infrastructure.ControllerActionInvoker.Next(State& next, Scope& scope, Object& state, Boolean& isCompleted)
   at Microsoft.AspNetCore.Mvc.Infrastructure.ControllerActionInvoker.InvokeInnerFilterAsync()
--- End of stack trace from previous location ---
   at Microsoft.AspNetCore.Mvc.Infrastructure.ResourceInvoker.<InvokeFilterPipelineAsync>g__Awaited|20_0(ResourceInvoker invoker, Task lastTask, State next, Scope scope, Object state, Boolean isCompleted)
   at Microsoft.AspNetCore.Mvc.Infrastructure.ResourceInvoker.<InvokeAsync>g__Logged|17_1(ResourceInvoker invoker)
   at Microsoft.AspNetCore.Mvc.Infrastructure.ResourceInvoker.<InvokeAsync>g__Logged|17_1(ResourceInvoker invoker)
   at Microsoft.AspNetCore.Routing.EndpointMiddleware.<Invoke>g__AwaitRequestTask|7_0(Endpoint endpoint, Task requestTask, ILogger logger)
   at Microsoft.AspNetCore.Authorization.AuthorizationMiddleware.Invoke(HttpContext context)
   at Microsoft.AspNetCore.Authentication.AuthenticationMiddleware.Invoke(HttpContext context)
   at Swashbuckle.AspNetCore.SwaggerUI.SwaggerUIMiddleware.Invoke(HttpContext httpContext)
   at Swashbuckle.AspNetCore.Swagger.SwaggerMiddleware.Invoke(HttpContext httpContext, ISwaggerProvider swaggerProvider)
   at Microsoft.AspNetCore.Diagnostics.DeveloperExceptionPageMiddlewareImpl.Invoke(HttpContext context)
2026-05-10 00:02:20.965 +06:00 [INF] Request finished HTTP/1.1 GET http://localhost:5000/api/subjects - 500 null text/plain; charset=utf-8 12.7989ms
2026-05-10 00:02:28.102 +06:00 [INF] Request starting HTTP/1.1 POST http://localhost:5000/api/auth/login - application/json 53
2026-05-10 00:02:28.103 +06:00 [INF] CORS policy execution successful.
2026-05-10 00:02:28.104 +06:00 [INF] Executing endpoint 'MCQ2.API.Controllers.AuthController.Login (MCQ2.API)'
2026-05-10 00:02:28.105 +06:00 [INF] Route matched with {action = "Login", controller = "Auth"}. Executing controller action with signature System.Threading.Tasks.Task`1[Microsoft.AspNetCore.Mvc.IActionResult] Login(MCQ2.DataConnect.Requests.LoginRequest) on controller MCQ2.API.Controllers.AuthController (MCQ2.API).
2026-05-10 00:02:28.110 +06:00 [INF] Executed DbCommand (3ms) [Parameters=[@__request_Email_0='?' (Size = 450)], CommandType='"Text"', CommandTimeout='30']
SELECT TOP(1) [u].[Id], [u].[CreatedAt], [u].[CreatedById], [u].[Email], [u].[FullName], [u].[IsActive], [u].[PasswordHash], [u].[Role], [u].[TempPassword], [u].[UpdatedAt]
FROM [Users] AS [u]
WHERE [u].[Email] = @__request_Email_0 AND [u].[IsActive] = CAST(1 AS bit)
2026-05-10 00:02:28.374 +06:00 [INF] Executed DbCommand (6ms) [Parameters=[@p0='?' (DbType = Guid), @p1='?' (DbType = DateTime2), @p2='?' (DbType = DateTime2), @p3='?' (DbType = Boolean), @p4='?' (Size = 4000), @p5='?' (DbType = DateTime2), @p6='?' (DbType = Guid)], CommandType='"Text"', CommandTimeout='30']
SET IMPLICIT_TRANSACTIONS OFF;
SET NOCOUNT ON;
INSERT INTO [RefreshTokens] ([Id], [CreatedAt], [ExpiresAt], [IsRevoked], [Token], [UpdatedAt], [UserId])
VALUES (@p0, @p1, @p2, @p3, @p4, @p5, @p6);
2026-05-10 00:02:28.376 +06:00 [INF] Executing OkObjectResult, writing value of type 'MCQ2.DataConnect.Responses.ApiResponse`1[[MCQ2.DataConnect.Responses.LoginResponse, MCQ2.DataConnect, Version=1.0.0.0, Culture=neutral, PublicKeyToken=null]]'.
2026-05-10 00:02:28.377 +06:00 [INF] Executed action MCQ2.API.Controllers.AuthController.Login (MCQ2.API) in 270.5193ms
2026-05-10 00:02:28.378 +06:00 [INF] Executed endpoint 'MCQ2.API.Controllers.AuthController.Login (MCQ2.API)'
2026-05-10 00:02:28.378 +06:00 [INF] Request finished HTTP/1.1 POST http://localhost:5000/api/auth/login - 200 null application/json; charset=utf-8 276.6465ms
2026-05-10 00:02:28.409 +06:00 [INF] Request starting HTTP/1.1 GET http://localhost:5000/api/attempts/my-chapters - null null
2026-05-10 00:02:28.412 +06:00 [INF] Executing endpoint 'MCQ2.API.Controllers.AttemptsController.GetMyChapters (MCQ2.API)'
2026-05-10 00:02:28.414 +06:00 [INF] Route matched with {action = "GetMyChapters", controller = "Attempts"}. Executing controller action with signature System.Threading.Tasks.Task`1[Microsoft.AspNetCore.Mvc.IActionResult] GetMyChapters() on controller MCQ2.API.Controllers.AttemptsController (MCQ2.API).
2026-05-10 00:02:28.422 +06:00 [INF] Executed DbCommand (5ms) [Parameters=[@__studentId_0='?' (DbType = Guid)], CommandType='"Text"', CommandTimeout='30']
SELECT [e].[Id], [e].[ChapterId], [e].[CreatedAt], [e].[EnrolledAt], [e].[EnrolledById], [e].[ExpiresAt], [e].[RemovedAt], [e].[StudentId], [e].[TransferredFromChapterId], [e].[UpdatedAt], [c].[Id], [c].[CreatedAt], [c].[Description], [c].[IsArchived], [c].[OrderIndex], [c].[SubjectId], [c].[Title], [c].[UpdatedAt], [s].[Id], [s].[CreatedAt], [s].[Description], [s].[IsArchived], [s].[TeacherId], [s].[Title], [s].[UpdatedAt], [e0].[Id], [e0].[AutoReleaseResults], [e0].[AvailableFrom], [e0].[AvailableUntil], [e0].[ChapterId], [e0].[CreatedAt], [e0].[MaxAttempts], [e0].[NegativeMarking], [e0].[PassingScore], [e0].[ShowAnswersAfter], [e0].[ShuffleOptions], [e0].[ShuffleQuestions], [e0].[Status], [e0].[TimeLimitSeconds], [e0].[Title], [e0].[TotalMarks], [e0].[UpdatedAt]
FROM [Enrolments] AS [e]
INNER JOIN [Chapters] AS [c] ON [e].[ChapterId] = [c].[Id]
INNER JOIN [Subjects] AS [s] ON [c].[SubjectId] = [s].[Id]
LEFT JOIN [Exams] AS [e0] ON [c].[Id] = [e0].[ChapterId]
WHERE [e].[StudentId] = @__studentId_0 AND [e].[RemovedAt] IS NULL AND ([e].[ExpiresAt] IS NULL OR [e].[ExpiresAt] > GETUTCDATE())
ORDER BY [e].[Id], [c].[Id], [s].[Id]
2026-05-10 00:02:28.424 +06:00 [INF] Executing OkObjectResult, writing value of type 'MCQ2.DataConnect.Responses.ApiResponse`1[[System.Collections.Generic.IEnumerable`1[[MCQ2.DataConnect.ViewModels.ChapterWithExamsViewModel, MCQ2.DataConnect, Version=1.0.0.0, Culture=neutral, PublicKeyToken=null]], System.Private.CoreLib, Version=8.0.0.0, Culture=neutral, PublicKeyToken=7cec85d7bea7798e]]'.
2026-05-10 00:02:28.426 +06:00 [INF] Executed action MCQ2.API.Controllers.AttemptsController.GetMyChapters (MCQ2.API) in 10.6288ms
2026-05-10 00:02:28.428 +06:00 [INF] Executed endpoint 'MCQ2.API.Controllers.AttemptsController.GetMyChapters (MCQ2.API)'
2026-05-10 00:02:28.429 +06:00 [INF] Request finished HTTP/1.1 GET http://localhost:5000/api/attempts/my-chapters - 200 null application/json; charset=utf-8 19.7289ms
2026-05-10 00:02:28.431 +06:00 [INF] Request starting HTTP/1.1 GET http://localhost:5000/api/attempts/my-chapters - null null
2026-05-10 00:02:28.433 +06:00 [INF] Executing endpoint 'MCQ2.API.Controllers.AttemptsController.GetMyChapters (MCQ2.API)'
2026-05-10 00:02:28.434 +06:00 [INF] Route matched with {action = "GetMyChapters", controller = "Attempts"}. Executing controller action with signature System.Threading.Tasks.Task`1[Microsoft.AspNetCore.Mvc.IActionResult] GetMyChapters() on controller MCQ2.API.Controllers.AttemptsController (MCQ2.API).
2026-05-10 00:02:28.437 +06:00 [INF] Executed DbCommand (0ms) [Parameters=[@__studentId_0='?' (DbType = Guid)], CommandType='"Text"', CommandTimeout='30']
SELECT [e].[Id], [e].[ChapterId], [e].[CreatedAt], [e].[EnrolledAt], [e].[EnrolledById], [e].[ExpiresAt], [e].[RemovedAt], [e].[StudentId], [e].[TransferredFromChapterId], [e].[UpdatedAt], [c].[Id], [c].[CreatedAt], [c].[Description], [c].[IsArchived], [c].[OrderIndex], [c].[SubjectId], [c].[Title], [c].[UpdatedAt], [s].[Id], [s].[CreatedAt], [s].[Description], [s].[IsArchived], [s].[TeacherId], [s].[Title], [s].[UpdatedAt], [e0].[Id], [e0].[AutoReleaseResults], [e0].[AvailableFrom], [e0].[AvailableUntil], [e0].[ChapterId], [e0].[CreatedAt], [e0].[MaxAttempts], [e0].[NegativeMarking], [e0].[PassingScore], [e0].[ShowAnswersAfter], [e0].[ShuffleOptions], [e0].[ShuffleQuestions], [e0].[Status], [e0].[TimeLimitSeconds], [e0].[Title], [e0].[TotalMarks], [e0].[UpdatedAt]
FROM [Enrolments] AS [e]
INNER JOIN [Chapters] AS [c] ON [e].[ChapterId] = [c].[Id]
INNER JOIN [Subjects] AS [s] ON [c].[SubjectId] = [s].[Id]
LEFT JOIN [Exams] AS [e0] ON [c].[Id] = [e0].[ChapterId]
WHERE [e].[StudentId] = @__studentId_0 AND [e].[RemovedAt] IS NULL AND ([e].[ExpiresAt] IS NULL OR [e].[ExpiresAt] > GETUTCDATE())
ORDER BY [e].[Id], [c].[Id], [s].[Id]
2026-05-10 00:02:28.440 +06:00 [INF] Executing OkObjectResult, writing value of type 'MCQ2.DataConnect.Responses.ApiResponse`1[[System.Collections.Generic.IEnumerable`1[[MCQ2.DataConnect.ViewModels.ChapterWithExamsViewModel, MCQ2.DataConnect, Version=1.0.0.0, Culture=neutral, PublicKeyToken=null]], System.Private.CoreLib, Version=8.0.0.0, Culture=neutral, PublicKeyToken=7cec85d7bea7798e]]'.
2026-05-10 00:02:28.441 +06:00 [INF] Executed action MCQ2.API.Controllers.AttemptsController.GetMyChapters (MCQ2.API) in 4.4434ms
2026-05-10 00:02:28.442 +06:00 [INF] Executed endpoint 'MCQ2.API.Controllers.AttemptsController.GetMyChapters (MCQ2.API)'
2026-05-10 00:02:28.443 +06:00 [INF] Request finished HTTP/1.1 GET http://localhost:5000/api/attempts/my-chapters - 200 null application/json; charset=utf-8 11.996ms
2026-05-10 00:02:33.776 +06:00 [INF] Request starting HTTP/1.1 POST http://localhost:5000/api/auth/login - application/json 49
2026-05-10 00:02:33.779 +06:00 [INF] CORS policy execution successful.
2026-05-10 00:02:33.780 +06:00 [INF] Executing endpoint 'MCQ2.API.Controllers.AuthController.Login (MCQ2.API)'
2026-05-10 00:02:33.783 +06:00 [INF] Route matched with {action = "Login", controller = "Auth"}. Executing controller action with signature System.Threading.Tasks.Task`1[Microsoft.AspNetCore.Mvc.IActionResult] Login(MCQ2.DataConnect.Requests.LoginRequest) on controller MCQ2.API.Controllers.AuthController (MCQ2.API).
2026-05-10 00:02:33.787 +06:00 [INF] Executed DbCommand (1ms) [Parameters=[@__request_Email_0='?' (Size = 450)], CommandType='"Text"', CommandTimeout='30']
SELECT TOP(1) [u].[Id], [u].[CreatedAt], [u].[CreatedById], [u].[Email], [u].[FullName], [u].[IsActive], [u].[PasswordHash], [u].[Role], [u].[TempPassword], [u].[UpdatedAt]
FROM [Users] AS [u]
WHERE [u].[Email] = @__request_Email_0 AND [u].[IsActive] = CAST(1 AS bit)
2026-05-10 00:02:34.053 +06:00 [INF] Executed DbCommand (1ms) [Parameters=[@p0='?' (DbType = Guid), @p1='?' (DbType = DateTime2), @p2='?' (DbType = DateTime2), @p3='?' (DbType = Boolean), @p4='?' (Size = 4000), @p5='?' (DbType = DateTime2), @p6='?' (DbType = Guid)], CommandType='"Text"', CommandTimeout='30']
SET IMPLICIT_TRANSACTIONS OFF;
SET NOCOUNT ON;
INSERT INTO [RefreshTokens] ([Id], [CreatedAt], [ExpiresAt], [IsRevoked], [Token], [UpdatedAt], [UserId])
VALUES (@p0, @p1, @p2, @p3, @p4, @p5, @p6);
2026-05-10 00:02:34.055 +06:00 [INF] Executing OkObjectResult, writing value of type 'MCQ2.DataConnect.Responses.ApiResponse`1[[MCQ2.DataConnect.Responses.LoginResponse, MCQ2.DataConnect, Version=1.0.0.0, Culture=neutral, PublicKeyToken=null]]'.
2026-05-10 00:02:34.056 +06:00 [INF] Executed action MCQ2.API.Controllers.AuthController.Login (MCQ2.API) in 271.3017ms
2026-05-10 00:02:34.057 +06:00 [INF] Executed endpoint 'MCQ2.API.Controllers.AuthController.Login (MCQ2.API)'
2026-05-10 00:02:34.058 +06:00 [INF] Request finished HTTP/1.1 POST http://localhost:5000/api/auth/login - 200 null application/json; charset=utf-8 281.9349ms
2026-05-10 00:02:34.088 +06:00 [INF] Request starting HTTP/1.1 GET http://localhost:5000/api/users - null null
2026-05-10 00:02:34.090 +06:00 [INF] Request finished HTTP/1.1 GET http://localhost:5000/api/users - 404 0 null 2.0851ms
2026-05-10 00:02:34.093 +06:00 [INF] Request reached the end of the middleware pipeline without being handled by application code. Request path: GET http://localhost:5000/api/users, Response status code: 404
2026-05-10 00:02:34.094 +06:00 [INF] Request starting HTTP/1.1 GET http://localhost:5000/api/users - null null
2026-05-10 00:02:34.097 +06:00 [INF] Request finished HTTP/1.1 GET http://localhost:5000/api/users - 404 0 null 2.7035ms
2026-05-10 00:02:34.100 +06:00 [INF] Request reached the end of the middleware pipeline without being handled by application code. Request path: GET http://localhost:5000/api/users, Response status code: 404
2026-05-10 00:03:36.354 +06:00 [INF] Request starting HTTP/1.1 GET http://localhost:5000/api/users - null null
2026-05-10 00:03:36.356 +06:00 [INF] Request finished HTTP/1.1 GET http://localhost:5000/api/users - 404 0 null 1.9599ms
2026-05-10 00:03:36.360 +06:00 [INF] Request starting HTTP/1.1 GET http://localhost:5000/api/users - null null
2026-05-10 00:03:36.360 +06:00 [INF] Request reached the end of the middleware pipeline without being handled by application code. Request path: GET http://localhost:5000/api/users, Response status code: 404
2026-05-10 00:03:36.363 +06:00 [INF] Request finished HTTP/1.1 GET http://localhost:5000/api/users - 404 0 null 3.0336ms
2026-05-10 00:03:36.368 +06:00 [INF] Request reached the end of the middleware pipeline without being handled by application code. Request path: GET http://localhost:5000/api/users, Response status code: 404
2026-05-10 00:03:47.719 +06:00 [INF] Request starting HTTP/1.1 GET http://localhost:5000/api/users - null null
2026-05-10 00:03:47.722 +06:00 [INF] Request finished HTTP/1.1 GET http://localhost:5000/api/users - 404 0 null 2.7835ms
2026-05-10 00:03:47.726 +06:00 [INF] Request starting HTTP/1.1 GET http://localhost:5000/api/users - null null
2026-05-10 00:03:47.727 +06:00 [INF] Request reached the end of the middleware pipeline without being handled by application code. Request path: GET http://localhost:5000/api/users, Response status code: 404
2026-05-10 00:03:47.730 +06:00 [INF] Request finished HTTP/1.1 GET http://localhost:5000/api/users - 404 0 null 3.3815ms
2026-05-10 00:03:47.734 +06:00 [INF] Request reached the end of the middleware pipeline without being handled by application code. Request path: GET http://localhost:5000/api/users, Response status code: 404
2026-05-10 00:05:02.810 +06:00 [INF] Request starting HTTP/1.1 POST http://localhost:5000/api/auth/login - application/json 49
2026-05-10 00:05:02.812 +06:00 [INF] CORS policy execution successful.
2026-05-10 00:05:02.813 +06:00 [INF] Executing endpoint 'MCQ2.API.Controllers.AuthController.Login (MCQ2.API)'
2026-05-10 00:05:02.814 +06:00 [INF] Route matched with {action = "Login", controller = "Auth"}. Executing controller action with signature System.Threading.Tasks.Task`1[Microsoft.AspNetCore.Mvc.IActionResult] Login(MCQ2.DataConnect.Requests.LoginRequest) on controller MCQ2.API.Controllers.AuthController (MCQ2.API).
2026-05-10 00:05:02.819 +06:00 [INF] Executed DbCommand (2ms) [Parameters=[@__request_Email_0='?' (Size = 450)], CommandType='"Text"', CommandTimeout='30']
SELECT TOP(1) [u].[Id], [u].[CreatedAt], [u].[CreatedById], [u].[Email], [u].[FullName], [u].[IsActive], [u].[PasswordHash], [u].[Role], [u].[TempPassword], [u].[UpdatedAt]
FROM [Users] AS [u]
WHERE [u].[Email] = @__request_Email_0 AND [u].[IsActive] = CAST(1 AS bit)
2026-05-10 00:05:03.078 +06:00 [INF] Executed DbCommand (2ms) [Parameters=[@p0='?' (DbType = Guid), @p1='?' (DbType = DateTime2), @p2='?' (DbType = DateTime2), @p3='?' (DbType = Boolean), @p4='?' (Size = 4000), @p5='?' (DbType = DateTime2), @p6='?' (DbType = Guid)], CommandType='"Text"', CommandTimeout='30']
SET IMPLICIT_TRANSACTIONS OFF;
SET NOCOUNT ON;
INSERT INTO [RefreshTokens] ([Id], [CreatedAt], [ExpiresAt], [IsRevoked], [Token], [UpdatedAt], [UserId])
VALUES (@p0, @p1, @p2, @p3, @p4, @p5, @p6);
2026-05-10 00:05:03.080 +06:00 [INF] Executing OkObjectResult, writing value of type 'MCQ2.DataConnect.Responses.ApiResponse`1[[MCQ2.DataConnect.Responses.LoginResponse, MCQ2.DataConnect, Version=1.0.0.0, Culture=neutral, PublicKeyToken=null]]'.
2026-05-10 00:05:03.082 +06:00 [INF] Executed action MCQ2.API.Controllers.AuthController.Login (MCQ2.API) in 265.6ms
2026-05-10 00:05:03.083 +06:00 [INF] Executed endpoint 'MCQ2.API.Controllers.AuthController.Login (MCQ2.API)'
2026-05-10 00:05:03.083 +06:00 [INF] Request finished HTTP/1.1 POST http://localhost:5000/api/auth/login - 200 null application/json; charset=utf-8 273.4441ms
2026-05-10 00:05:03.120 +06:00 [INF] Request starting HTTP/1.1 GET http://localhost:5000/api/users - null null
2026-05-10 00:05:03.122 +06:00 [INF] Request finished HTTP/1.1 GET http://localhost:5000/api/users - 404 0 null 1.937ms
2026-05-10 00:05:03.125 +06:00 [INF] Request reached the end of the middleware pipeline without being handled by application code. Request path: GET http://localhost:5000/api/users, Response status code: 404
2026-05-10 00:05:03.125 +06:00 [INF] Request starting HTTP/1.1 GET http://localhost:5000/api/users - null null
2026-05-10 00:05:03.129 +06:00 [INF] Request finished HTTP/1.1 GET http://localhost:5000/api/users - 404 0 null 4.0477ms
2026-05-10 00:05:03.132 +06:00 [INF] Request reached the end of the middleware pipeline without being handled by application code. Request path: GET http://localhost:5000/api/users, Response status code: 404
2026-05-10 00:05:42.447 +06:00 [INF] Request starting HTTP/1.1 GET http://localhost:5000/api/users - null null
2026-05-10 00:05:42.453 +06:00 [INF] Request finished HTTP/1.1 GET http://localhost:5000/api/users - 404 0 null 6.6725ms
2026-05-10 00:05:42.464 +06:00 [INF] Request starting HTTP/1.1 GET http://localhost:5000/api/users - null null
2026-05-10 00:05:42.473 +06:00 [INF] Request reached the end of the middleware pipeline without being handled by application code. Request path: GET http://localhost:5000/api/users, Response status code: 404
2026-05-10 00:05:42.482 +06:00 [INF] Request finished HTTP/1.1 GET http://localhost:5000/api/users - 404 0 null 18.4749ms
2026-05-10 00:05:42.522 +06:00 [INF] Request reached the end of the middleware pipeline without being handled by application code. Request path: GET http://localhost:5000/api/users, Response status code: 404
2026-05-10 00:07:04.227 +06:00 [INF] Request starting HTTP/1.1 GET http://localhost:5000/swagger/index.html - null null
2026-05-10 00:07:04.261 +06:00 [INF] Request finished HTTP/1.1 GET http://localhost:5000/swagger/index.html - 200 null text/html;charset=utf-8 33.9519ms
2026-05-10 00:07:04.449 +06:00 [INF] Request starting HTTP/1.1 GET http://localhost:5000/swagger/v1/swagger.json - null null
2026-05-10 00:07:04.668 +06:00 [INF] Request finished HTTP/1.1 GET http://localhost:5000/swagger/v1/swagger.json - 200 null application/json;charset=utf-8 218.4133ms
